<?xml version="1.0" encoding="UTF-8"?>
<!-- Generated by org.testng.reporters.JUnitXMLReporter -->
<testsuite ignored="0" hostname="DESKTOP-MHLLET6" failures="1" tests="6" name="Test" time="71.12" errors="0" timestamp="2023-08-19T16:23:22 SGT">
  <testcase classname="testcases.TC_001_AccountRegistrationTest" name="test_Account_Registration" time="1.96"/>
  <testcase classname="testcases.TC_003_LoginDataDrivenTest" name="test_LoginDDT" time="11.461"/>
  <testcase classname="testcases.TC_003_LoginDataDrivenTest" name="test_LoginDDT" time="11.021"/>
  <testcase classname="testcases.TC_003_LoginDataDrivenTest" name="test_LoginDDT" time="11.073"/>
  <testcase classname="testcases.TC_003_LoginDataDrivenTest" name="test_LoginDDT" time="11.096"/>
  <testcase classname="testcases.TC_003_LoginDataDrivenTest" name="test_LoginDDT" time="11.118">
    <failure type="java.lang.AssertionError" message="expected [true] but found [false]">
      <![CDATA[java.lang.AssertionError: expected [true] but found [false]
at testcases.TC_003_LoginDataDrivenTest.test_LoginDDT(TC_003_LoginDataDrivenTest.java:35)
at java.base/java.util.ArrayList.forEach(ArrayList.java:1511)
... Removed 33 stack frames]]>
    </failure>
  </testcase> <!-- test_LoginDDT -->
</testsuite> <!-- Test -->
